78142957
78165928
78243961
79022914
79064946
79225924
80032538
80068767
80074787
80161233
80205384
80222614
80254646
81088140
81093967
81105535
81141012
81143525
81161585
81209206
81209839
81229128
81260241
81265481
81271552
82048495
82086319
82098485
82114943
82136853
82147031
82166484
82281646
83005500
83106949
83131778
83186675
83188841
83204609
83217486
83230863
83291326
83295933
84001945
84032920
84053675
84066221
84080809
84106471
84130660
84140373
84178365
84238528
84259095
84259121
84282381
84290642
84306548
85102467
85104095
85146267
85152262
85158098
85186850
85233509
85254470
85257187
85266114
85284782
85305500
86000980
86021813
86027718
86028039
86034627
86034662
86040213
86092241
86121439
86125840
86151192
86238756
86259058
87014826
87142820
87218708
87223096
87251218
88052881
88213897
88249842
88263016
88264423
89052759
89078997
89179873
89194996
89195152
89197277
89210808
89219069
89242103
89371608
89378613
