90022210
90030612
90061802
90092414
90185221
90194790
93343972
93353597
93357477
93361521
93361522
93371352
93389174
93389400
94014350
94016843
94019342
94019346
94019377
94038952
94044828
94045438
94045455
94047364
94049846
94067100
94067143
94081319
94081349
94081368
94086562
94102419
94111992
94116450
94128612
94176179
98230439
98245000
98252921
98259083
98269066
98277450
98278432
98279058
98279279
98281916
98281992
98281994
98282479
98282480
98288355
98295684
98295734
98295832
98302228
98304427
98305722
98306174
98308097
98310801
98314139
98315074
98315075
98318219
98318652
98321687
98321739
98322350
98325028
98325153
98325215
98325368
98330075
98334014
98334015
98338104
98339383
98342108
98345328
98346788
98348376
98348399
98348903
98349401
98359134
98361758
98361768
98361776
98361999
98362153
98367816
98369616
98369636
98371688
98372761
98374270
98281994
98282479
98266173
98263946
98248918
98240931
98227977
98220845
98211678
98204128
