21370255
21361184
21342532
21328827
21316949
21301916
21369576
21363766
21359858
21352151
21341822
21336700
21329192
21317758
21376061
21361181
21351021
21340428
21334898
21328787
21313314
21311859
21371733
21363219
21359969
21341829
21336723
21329455
21319877
21391971
21278505
21272363
21347972
21240684
21240402
21235950
21369994
21278495
21264350
21260138
21347936
21240390
21293129
21269099
21259893
21240664
21240752
21282637
21272376
21359415
21240651
21240749
21226883
21214521
21347868
21203274
21184079
21238271
21326158
21225972
21203088
21186394
21184078
21232503
21214119
21205813
21198003
21293104
21185814
21179339
21174076
21158232
21155831
21145240
21133063
21136373
21131863
21115153
21084706
21031071
21142766
21099673
21105279
21136001
21153258
21163376
21079795
21108585
21093289
21100758
21105220
21134520
21077029
21092954
21100729
20216392
21028948
20582375
20580277
21011862
20571908
21103162
20219263
20584588
20584330
21066742
20578233
21011278
21102393
20219245
20584648
20582895
21066549
20578218
20573243
20570932
20563930
20546999
20545190
20541385
20535109
20530853
20518810
20514082
20501115
20499068
20497005
20491906
20483847
20465088
