98281994
98282479
98266173
98263946
98248918
98240931
98227977
98220845
98211678
98204128
21370255
21361184
21359034
21351024
21342532
21336830
21328827
21316949
21311861
21301916
21369576
21363766
21359858
21352151
21341822
21336700
21329192
21317758
21311876
21309954
21376061
21370254
21361181
21357628
21351021
21340428
21334898
21328787
21313314
21311859
21371733
21363219
21359969
21352808
21341829
21336723
21329455
21319877
21311880
21391971
21291437
21286476
21278505
21272363
21347972
21258442
21256403
21240684
21240402
21235950
21301738
21369994
21286460
21278495
21264350
21260138
21347936
21240683
21240390
21293129
21288911
21286431
21276281
21269099
21261983
21259893
21250583
21240664
21240752
21295479
21286716
21282637
21272376
21359415
21261560
21259876
21250679
21240651
21240749
21226883
21216559
21214521
21347868
21203274
21210813
21188582
21185796
21184079
21238271
21326158
21225972
21216558
21214517
21213531
21203088
21195296
21188436
21186394
21184078
21232503
21221189
21214420
21214119
21205813
21198003
21293104
21185814
21184779
21179339
21174076
21170151
21158232
21155831
21154038
21145240
21133063
21136373
21136244
21131863
21115153
21084706
21031071
21142766
21110357
21099673
21109735
21105279
21136001
21153258
21163376
21079795
21108585
21093289
21100758
21036309
21105220
21134520
21121146
21124335
21077029
21115099
21099489
21092954
21108989
21100729
21103296
21103247
21111553
20216392
21028948
21026273
20582375
20580277
21011862
20571908
20570937
21103162
21093708
20219263
20584588
20584330
21066742
20578233
21011278
20570933
21102393
21095203
20219245
20584648
20582895
21066549
20578218
21012803
20573243
20570932
21003826
20563930
20546999
20545190
20541385
20540051
20535109
20530853
20518810
20521735
20514082
20501115
20499068
20497005
20491906
20576378
20483847
20470674
20465088
